<?xml version="1.0" encoding="UTF-8"?>
<robot generator="Robot 6.0 (Python 3.10.7 on darwin)" generated="20221121 10:00:39.192" rpa="false" schemaversion="3">
<suite id="s1" name="Account" source="/Users/jeff/Projetos/Automação de teste/Instituto atlantico/Projeto final/The Big Bug Theory/web/tests/account.robot">
<test id="s1-t1" name="Realizar o cadastro de conta" line="11">
<kw name="Do Login" library="base" type="SETUP">
<kw name="Go To Login Page" library="loginPage">
<kw name="New Browser" library="Browser">
<arg>headless=False</arg>
<arg>browser=chromium</arg>
<tag>BrowserControl</tag>
<tag>Setter</tag>
<doc>Create a new playwright Browser with specified options.</doc>
<msg timestamp="20221121 10:00:40.220" level="INFO">{"browser": "chromium", "headless": false, "devtools": false, "handleSIGHUP": true, "handleSIGINT": true, "handleSIGTERM": true, "slowMo": 0.0, "timeout": 30000.0, "deprecated_pos_args": [], "tracesDir": "/Users/jeff/Projetos/Automa\u00e7\u00e3o de teste/Instituto atlantico/Projeto final/The Big Bug Theory/web/logs/browser/traces/545ed218-e884-4a8f-8e5f-0f88228430d3"}</msg>
<msg timestamp="20221121 10:00:41.283" level="INFO">Successfully created browser with options: {"browser":"chromium","headless":false,"devtools":false,"handleSIGHUP":true,"handleSIGINT":true,"handleSIGTERM":true,"slowMo":0,"timeout":30000,"deprecated_pos_args":[],"tracesDir":"/Users/jeff/Projetos/Automação de teste/Instituto atlantico/Projeto final/The Big Bug Theory/web/logs/browser/traces/545ed218-e884-4a8f-8e5f-0f88228430d3"}</msg>
<status status="PASS" starttime="20221121 10:00:40.220" endtime="20221121 10:00:41.283"/>
</kw>
<kw name="New Page" library="Browser">
<arg>https://seubarriga.wcaquino.me</arg>
<tag>BrowserControl</tag>
<tag>Setter</tag>
<doc>Open a new Page.</doc>
<msg timestamp="20221121 10:00:46.923" level="INFO">Successfully initialized new page object and opened url: https://seubarriga.wcaquino.me</msg>
<msg timestamp="20221121 10:00:46.923" level="INFO">No context was open. New context was automatically opened when this page is created.</msg>
<status status="PASS" starttime="20221121 10:00:41.283" endtime="20221121 10:00:46.924"/>
</kw>
<status status="PASS" starttime="20221121 10:00:40.220" endtime="20221121 10:00:46.924"/>
</kw>
<kw name="Fill Credentials" library="loginPage">
<arg>jeffmonteiroo@gmail.com</arg>
<arg>123456</arg>
<kw name="Fill Text" library="Browser">
<arg>input[id="email"]</arg>
<arg>${email}</arg>
<tag>PageContent</tag>
<tag>Setter</tag>
<doc>Clears and fills the given ``txt`` into the text field found by ``selector``.</doc>
<msg timestamp="20221121 10:00:46.925" level="INFO">Fills the text 'jeffmonteiroo@gmail.com' in the given field.</msg>
<status status="PASS" starttime="20221121 10:00:46.924" endtime="20221121 10:00:46.978"/>
</kw>
<kw name="Fill Text" library="Browser">
<arg>input[id="senha"]</arg>
<arg>${pass}</arg>
<tag>PageContent</tag>
<tag>Setter</tag>
<doc>Clears and fills the given ``txt`` into the text field found by ``selector``.</doc>
<msg timestamp="20221121 10:00:46.978" level="INFO">Fills the text '123456' in the given field.</msg>
<status status="PASS" starttime="20221121 10:00:46.978" endtime="20221121 10:00:47.054"/>
</kw>
<status status="PASS" starttime="20221121 10:00:46.924" endtime="20221121 10:00:47.054"/>
</kw>
<kw name="Submit Credentials" library="loginPage">
<kw name="Click" library="Browser">
<arg>css=button &gt;&gt; text=Entrar</arg>
<tag>PageContent</tag>
<tag>Setter</tag>
<doc>Simulates mouse click on the element found by ``selector``.</doc>
<status status="PASS" starttime="20221121 10:00:47.055" endtime="20221121 10:00:47.541"/>
</kw>
<status status="PASS" starttime="20221121 10:00:47.054" endtime="20221121 10:00:47.542"/>
</kw>
<kw name="Verify Alert" library="alert">
<arg>Bem vindo, Jeff!</arg>
<kw name="Wait For Elements State" library="Browser">
<arg>css=div[role="alert"] &gt;&gt; text=${expected_message}</arg>
<arg>visible</arg>
<arg>5</arg>
<tag>PageContent</tag>
<tag>Wait</tag>
<doc>Waits for the element found by ``selector`` to satisfy state option.</doc>
<msg timestamp="20221121 10:00:47.556" level="INFO">Waited for Element with selector css=div[role="alert"] &gt;&gt; text=Bem vindo, Jeff! at state visible</msg>
<status status="PASS" starttime="20221121 10:00:47.542" endtime="20221121 10:00:47.556"/>
</kw>
<status status="PASS" starttime="20221121 10:00:47.542" endtime="20221121 10:00:47.557"/>
</kw>
<status status="PASS" starttime="20221121 10:00:40.219" endtime="20221121 10:00:47.557"/>
</kw>
<kw name="Country" library="FakerLibrary">
<var>${CONTA}</var>
<msg timestamp="20221121 10:00:47.557" level="INFO">${CONTA} = Tanzânia</msg>
<status status="PASS" starttime="20221121 10:00:47.557" endtime="20221121 10:00:47.557"/>
</kw>
<kw name="Go To Create Account" library="navbar">
<kw name="Click" library="Browser">
<arg>css=li[class="dropdown"] &gt;&gt; text=Conta</arg>
<tag>PageContent</tag>
<tag>Setter</tag>
<doc>Simulates mouse click on the element found by ``selector``.</doc>
<status status="PASS" starttime="20221121 10:00:47.558" endtime="20221121 10:00:47.595"/>
</kw>
<kw name="Click" library="Browser">
<arg>css=a[href="/addConta"]</arg>
<tag>PageContent</tag>
<tag>Setter</tag>
<doc>Simulates mouse click on the element found by ``selector``.</doc>
<status status="PASS" starttime="20221121 10:00:47.595" endtime="20221121 10:00:47.762"/>
</kw>
<status status="PASS" starttime="20221121 10:00:47.557" endtime="20221121 10:00:47.762"/>
</kw>
<kw name="Fill Account Name" library="accountPage">
<arg>${CONTA}</arg>
<kw name="Fill Text" library="Browser">
<arg>input[id="nome"]</arg>
<arg>${CONTA}</arg>
<tag>PageContent</tag>
<tag>Setter</tag>
<doc>Clears and fills the given ``txt`` into the text field found by ``selector``.</doc>
<msg timestamp="20221121 10:00:47.763" level="INFO">Fills the text 'Tanzânia' in the given field.</msg>
<status status="PASS" starttime="20221121 10:00:47.763" endtime="20221121 10:00:47.779"/>
</kw>
<status status="PASS" starttime="20221121 10:00:47.763" endtime="20221121 10:00:47.779"/>
</kw>
<kw name="Submit Account Name" library="accountPage">
<kw name="Click" library="Browser">
<arg>css=button &gt;&gt; text=Salvar</arg>
<tag>PageContent</tag>
<tag>Setter</tag>
<doc>Simulates mouse click on the element found by ``selector``.</doc>
<status status="PASS" starttime="20221121 10:00:47.779" endtime="20221121 10:00:47.947"/>
</kw>
<status status="PASS" starttime="20221121 10:00:47.779" endtime="20221121 10:00:47.947"/>
</kw>
<kw name="Verify Alert" library="alert">
<arg>Conta adicionada com sucesso!</arg>
<kw name="Wait For Elements State" library="Browser">
<arg>css=div[role="alert"] &gt;&gt; text=${expected_message}</arg>
<arg>visible</arg>
<arg>5</arg>
<tag>PageContent</tag>
<tag>Wait</tag>
<doc>Waits for the element found by ``selector`` to satisfy state option.</doc>
<msg timestamp="20221121 10:00:47.968" level="INFO">Waited for Element with selector css=div[role="alert"] &gt;&gt; text=Conta adicionada com sucesso! at state visible</msg>
<status status="PASS" starttime="20221121 10:00:47.948" endtime="20221121 10:00:47.968"/>
</kw>
<status status="PASS" starttime="20221121 10:00:47.948" endtime="20221121 10:00:47.968"/>
</kw>
<kw name="Close Browser" library="Browser" type="TEARDOWN">
<tag>BrowserControl</tag>
<tag>Setter</tag>
<doc>Closes the current browser.</doc>
<msg timestamp="20221121 10:00:48.098" level="INFO">Closed browser</msg>
<status status="PASS" starttime="20221121 10:00:47.969" endtime="20221121 10:00:48.098"/>
</kw>
<status status="PASS" starttime="20221121 10:00:40.217" endtime="20221121 10:00:48.099"/>
</test>
<test id="s1-t2" name="Realizar o cadastro de conta com o nome já existente" line="17">
<kw name="Do Login" library="base" type="SETUP">
<kw name="Go To Login Page" library="loginPage">
<kw name="New Browser" library="Browser">
<arg>headless=False</arg>
<arg>browser=chromium</arg>
<tag>BrowserControl</tag>
<tag>Setter</tag>
<doc>Create a new playwright Browser with specified options.</doc>
<msg timestamp="20221121 10:00:48.104" level="INFO">{"browser": "chromium", "headless": false, "devtools": false, "handleSIGHUP": true, "handleSIGINT": true, "handleSIGTERM": true, "slowMo": 0.0, "timeout": 30000.0, "deprecated_pos_args": [], "tracesDir": "/Users/jeff/Projetos/Automa\u00e7\u00e3o de teste/Instituto atlantico/Projeto final/The Big Bug Theory/web/logs/browser/traces/1c1f947e-9826-42fd-b443-57accdc42174"}</msg>
<msg timestamp="20221121 10:00:48.452" level="INFO">Successfully created browser with options: {"browser":"chromium","headless":false,"devtools":false,"handleSIGHUP":true,"handleSIGINT":true,"handleSIGTERM":true,"slowMo":0,"timeout":30000,"deprecated_pos_args":[],"tracesDir":"/Users/jeff/Projetos/Automação de teste/Instituto atlantico/Projeto final/The Big Bug Theory/web/logs/browser/traces/1c1f947e-9826-42fd-b443-57accdc42174"}</msg>
<status status="PASS" starttime="20221121 10:00:48.103" endtime="20221121 10:00:48.452"/>
</kw>
<kw name="New Page" library="Browser">
<arg>https://seubarriga.wcaquino.me</arg>
<tag>BrowserControl</tag>
<tag>Setter</tag>
<doc>Open a new Page.</doc>
<msg timestamp="20221121 10:00:49.621" level="INFO">Successfully initialized new page object and opened url: https://seubarriga.wcaquino.me</msg>
<msg timestamp="20221121 10:00:49.621" level="INFO">No context was open. New context was automatically opened when this page is created.</msg>
<status status="PASS" starttime="20221121 10:00:48.452" endtime="20221121 10:00:49.622"/>
</kw>
<status status="PASS" starttime="20221121 10:00:48.103" endtime="20221121 10:00:49.622"/>
</kw>
<kw name="Fill Credentials" library="loginPage">
<arg>jeffmonteiroo@gmail.com</arg>
<arg>123456</arg>
<kw name="Fill Text" library="Browser">
<arg>input[id="email"]</arg>
<arg>${email}</arg>
<tag>PageContent</tag>
<tag>Setter</tag>
<doc>Clears and fills the given ``txt`` into the text field found by ``selector``.</doc>
<msg timestamp="20221121 10:00:49.623" level="INFO">Fills the text 'jeffmonteiroo@gmail.com' in the given field.</msg>
<status status="PASS" starttime="20221121 10:00:49.623" endtime="20221121 10:00:49.656"/>
</kw>
<kw name="Fill Text" library="Browser">
<arg>input[id="senha"]</arg>
<arg>${pass}</arg>
<tag>PageContent</tag>
<tag>Setter</tag>
<doc>Clears and fills the given ``txt`` into the text field found by ``selector``.</doc>
<msg timestamp="20221121 10:00:49.657" level="INFO">Fills the text '123456' in the given field.</msg>
<status status="PASS" starttime="20221121 10:00:49.656" endtime="20221121 10:00:49.727"/>
</kw>
<status status="PASS" starttime="20221121 10:00:49.622" endtime="20221121 10:00:49.727"/>
</kw>
<kw name="Submit Credentials" library="loginPage">
<kw name="Click" library="Browser">
<arg>css=button &gt;&gt; text=Entrar</arg>
<tag>PageContent</tag>
<tag>Setter</tag>
<doc>Simulates mouse click on the element found by ``selector``.</doc>
<status status="PASS" starttime="20221121 10:00:49.727" endtime="20221121 10:00:50.201"/>
</kw>
<status status="PASS" starttime="20221121 10:00:49.727" endtime="20221121 10:00:50.201"/>
</kw>
<kw name="Verify Alert" library="alert">
<arg>Bem vindo, Jeff!</arg>
<kw name="Wait For Elements State" library="Browser">
<arg>css=div[role="alert"] &gt;&gt; text=${expected_message}</arg>
<arg>visible</arg>
<arg>5</arg>
<tag>PageContent</tag>
<tag>Wait</tag>
<doc>Waits for the element found by ``selector`` to satisfy state option.</doc>
<msg timestamp="20221121 10:00:50.214" level="INFO">Waited for Element with selector css=div[role="alert"] &gt;&gt; text=Bem vindo, Jeff! at state visible</msg>
<status status="PASS" starttime="20221121 10:00:50.202" endtime="20221121 10:00:50.214"/>
</kw>
<status status="PASS" starttime="20221121 10:00:50.201" endtime="20221121 10:00:50.215"/>
</kw>
<status status="PASS" starttime="20221121 10:00:48.103" endtime="20221121 10:00:50.215"/>
</kw>
<kw name="Go To Create Account" library="navbar">
<kw name="Click" library="Browser">
<arg>css=li[class="dropdown"] &gt;&gt; text=Conta</arg>
<tag>PageContent</tag>
<tag>Setter</tag>
<doc>Simulates mouse click on the element found by ``selector``.</doc>
<status status="PASS" starttime="20221121 10:00:50.215" endtime="20221121 10:00:50.264"/>
</kw>
<kw name="Click" library="Browser">
<arg>css=a[href="/addConta"]</arg>
<tag>PageContent</tag>
<tag>Setter</tag>
<doc>Simulates mouse click on the element found by ``selector``.</doc>
<status status="PASS" starttime="20221121 10:00:50.264" endtime="20221121 10:00:50.412"/>
</kw>
<status status="PASS" starttime="20221121 10:00:50.215" endtime="20221121 10:00:50.413"/>
</kw>
<kw name="Fill Account Name" library="accountPage">
<arg>teste01</arg>
<kw name="Fill Text" library="Browser">
<arg>input[id="nome"]</arg>
<arg>${CONTA}</arg>
<tag>PageContent</tag>
<tag>Setter</tag>
<doc>Clears and fills the given ``txt`` into the text field found by ``selector``.</doc>
<msg timestamp="20221121 10:00:50.413" level="INFO">Fills the text 'teste01' in the given field.</msg>
<status status="PASS" starttime="20221121 10:00:50.413" endtime="20221121 10:00:50.432"/>
</kw>
<status status="PASS" starttime="20221121 10:00:50.413" endtime="20221121 10:00:50.432"/>
</kw>
<kw name="Submit Account Name" library="accountPage">
<kw name="Click" library="Browser">
<arg>css=button &gt;&gt; text=Salvar</arg>
<tag>PageContent</tag>
<tag>Setter</tag>
<doc>Simulates mouse click on the element found by ``selector``.</doc>
<status status="PASS" starttime="20221121 10:00:50.432" endtime="20221121 10:00:50.588"/>
</kw>
<status status="PASS" starttime="20221121 10:00:50.432" endtime="20221121 10:00:50.588"/>
</kw>
<kw name="Verify Alert" library="alert">
<arg>Já existe uma conta com esse nome!</arg>
<kw name="Wait For Elements State" library="Browser">
<arg>css=div[role="alert"] &gt;&gt; text=${expected_message}</arg>
<arg>visible</arg>
<arg>5</arg>
<tag>PageContent</tag>
<tag>Wait</tag>
<doc>Waits for the element found by ``selector`` to satisfy state option.</doc>
<msg timestamp="20221121 10:00:50.600" level="INFO">Waited for Element with selector css=div[role="alert"] &gt;&gt; text=Já existe uma conta com esse nome! at state visible</msg>
<status status="PASS" starttime="20221121 10:00:50.589" endtime="20221121 10:00:50.600"/>
</kw>
<status status="PASS" starttime="20221121 10:00:50.588" endtime="20221121 10:00:50.600"/>
</kw>
<kw name="Close Browser" library="Browser" type="TEARDOWN">
<tag>BrowserControl</tag>
<tag>Setter</tag>
<doc>Closes the current browser.</doc>
<msg timestamp="20221121 10:00:50.701" level="INFO">Closed browser</msg>
<status status="PASS" starttime="20221121 10:00:50.600" endtime="20221121 10:00:50.701"/>
</kw>
<status status="PASS" starttime="20221121 10:00:48.100" endtime="20221121 10:00:50.701"/>
</test>
<test id="s1-t3" name="Editar Conta" line="23">
<kw name="Do Login" library="base" type="SETUP">
<kw name="Go To Login Page" library="loginPage">
<kw name="New Browser" library="Browser">
<arg>headless=False</arg>
<arg>browser=chromium</arg>
<tag>BrowserControl</tag>
<tag>Setter</tag>
<doc>Create a new playwright Browser with specified options.</doc>
<msg timestamp="20221121 10:00:50.706" level="INFO">{"browser": "chromium", "headless": false, "devtools": false, "handleSIGHUP": true, "handleSIGINT": true, "handleSIGTERM": true, "slowMo": 0.0, "timeout": 30000.0, "deprecated_pos_args": [], "tracesDir": "/Users/jeff/Projetos/Automa\u00e7\u00e3o de teste/Instituto atlantico/Projeto final/The Big Bug Theory/web/logs/browser/traces/9626ed07-9c4f-40f3-b3e5-759a45042cf2"}</msg>
<msg timestamp="20221121 10:00:51.036" level="INFO">Successfully created browser with options: {"browser":"chromium","headless":false,"devtools":false,"handleSIGHUP":true,"handleSIGINT":true,"handleSIGTERM":true,"slowMo":0,"timeout":30000,"deprecated_pos_args":[],"tracesDir":"/Users/jeff/Projetos/Automação de teste/Instituto atlantico/Projeto final/The Big Bug Theory/web/logs/browser/traces/9626ed07-9c4f-40f3-b3e5-759a45042cf2"}</msg>
<status status="PASS" starttime="20221121 10:00:50.705" endtime="20221121 10:00:51.036"/>
</kw>
<kw name="New Page" library="Browser">
<arg>https://seubarriga.wcaquino.me</arg>
<tag>BrowserControl</tag>
<tag>Setter</tag>
<doc>Open a new Page.</doc>
<msg timestamp="20221121 10:00:52.644" level="INFO">Successfully initialized new page object and opened url: https://seubarriga.wcaquino.me</msg>
<msg timestamp="20221121 10:00:52.644" level="INFO">No context was open. New context was automatically opened when this page is created.</msg>
<status status="PASS" starttime="20221121 10:00:51.036" endtime="20221121 10:00:52.644"/>
</kw>
<status status="PASS" starttime="20221121 10:00:50.705" endtime="20221121 10:00:52.644"/>
</kw>
<kw name="Fill Credentials" library="loginPage">
<arg>jeffmonteiroo@gmail.com</arg>
<arg>123456</arg>
<kw name="Fill Text" library="Browser">
<arg>input[id="email"]</arg>
<arg>${email}</arg>
<tag>PageContent</tag>
<tag>Setter</tag>
<doc>Clears and fills the given ``txt`` into the text field found by ``selector``.</doc>
<msg timestamp="20221121 10:00:52.645" level="INFO">Fills the text 'jeffmonteiroo@gmail.com' in the given field.</msg>
<status status="PASS" starttime="20221121 10:00:52.645" endtime="20221121 10:00:52.675"/>
</kw>
<kw name="Fill Text" library="Browser">
<arg>input[id="senha"]</arg>
<arg>${pass}</arg>
<tag>PageContent</tag>
<tag>Setter</tag>
<doc>Clears and fills the given ``txt`` into the text field found by ``selector``.</doc>
<msg timestamp="20221121 10:00:52.676" level="INFO">Fills the text '123456' in the given field.</msg>
<status status="PASS" starttime="20221121 10:00:52.676" endtime="20221121 10:00:52.744"/>
</kw>
<status status="PASS" starttime="20221121 10:00:52.644" endtime="20221121 10:00:52.744"/>
</kw>
<kw name="Submit Credentials" library="loginPage">
<kw name="Click" library="Browser">
<arg>css=button &gt;&gt; text=Entrar</arg>
<tag>PageContent</tag>
<tag>Setter</tag>
<doc>Simulates mouse click on the element found by ``selector``.</doc>
<status status="PASS" starttime="20221121 10:00:52.745" endtime="20221121 10:00:53.238"/>
</kw>
<status status="PASS" starttime="20221121 10:00:52.745" endtime="20221121 10:00:53.238"/>
</kw>
<kw name="Verify Alert" library="alert">
<arg>Bem vindo, Jeff!</arg>
<kw name="Wait For Elements State" library="Browser">
<arg>css=div[role="alert"] &gt;&gt; text=${expected_message}</arg>
<arg>visible</arg>
<arg>5</arg>
<tag>PageContent</tag>
<tag>Wait</tag>
<doc>Waits for the element found by ``selector`` to satisfy state option.</doc>
<msg timestamp="20221121 10:00:53.251" level="INFO">Waited for Element with selector css=div[role="alert"] &gt;&gt; text=Bem vindo, Jeff! at state visible</msg>
<status status="PASS" starttime="20221121 10:00:53.239" endtime="20221121 10:00:53.251"/>
</kw>
<status status="PASS" starttime="20221121 10:00:53.238" endtime="20221121 10:00:53.251"/>
</kw>
<status status="PASS" starttime="20221121 10:00:50.704" endtime="20221121 10:00:53.251"/>
</kw>
<kw name="Country" library="FakerLibrary">
<var>${CONTA}</var>
<msg timestamp="20221121 10:00:53.252" level="INFO">${CONTA} = Kuwait</msg>
<status status="PASS" starttime="20221121 10:00:53.252" endtime="20221121 10:00:53.252"/>
</kw>
<kw name="Go To List Account" library="navbar">
<kw name="Click" library="Browser">
<arg>css=li[class="dropdown"] &gt;&gt; text=Conta</arg>
<tag>PageContent</tag>
<tag>Setter</tag>
<doc>Simulates mouse click on the element found by ``selector``.</doc>
<status status="PASS" starttime="20221121 10:00:53.252" endtime="20221121 10:00:53.299"/>
</kw>
<kw name="Click" library="Browser">
<arg>css=a[href="/contas"]</arg>
<tag>PageContent</tag>
<tag>Setter</tag>
<doc>Simulates mouse click on the element found by ``selector``.</doc>
<status status="PASS" starttime="20221121 10:00:53.299" endtime="20221121 10:00:53.479"/>
</kw>
<status status="PASS" starttime="20221121 10:00:53.252" endtime="20221121 10:00:53.479"/>
</kw>
<kw name="Click To Change First Account" library="accountPage">
<kw name="Click" library="Browser">
<arg>css=tbody &gt; tr &gt; td &gt; a &gt; .glyphicon-edit &gt;&gt; nth=0</arg>
<tag>PageContent</tag>
<tag>Setter</tag>
<doc>Simulates mouse click on the element found by ``selector``.</doc>
<status status="PASS" starttime="20221121 10:00:53.479" endtime="20221121 10:00:53.659"/>
</kw>
<status status="PASS" starttime="20221121 10:00:53.479" endtime="20221121 10:00:53.660"/>
</kw>
<kw name="Fill Account Name" library="accountPage">
<arg>${CONTA}</arg>
<kw name="Fill Text" library="Browser">
<arg>input[id="nome"]</arg>
<arg>${CONTA}</arg>
<tag>PageContent</tag>
<tag>Setter</tag>
<doc>Clears and fills the given ``txt`` into the text field found by ``selector``.</doc>
<msg timestamp="20221121 10:00:53.660" level="INFO">Fills the text 'Kuwait' in the given field.</msg>
<status status="PASS" starttime="20221121 10:00:53.660" endtime="20221121 10:00:53.678"/>
</kw>
<status status="PASS" starttime="20221121 10:00:53.660" endtime="20221121 10:00:53.678"/>
</kw>
<kw name="Submit Account Name" library="accountPage">
<kw name="Click" library="Browser">
<arg>css=button &gt;&gt; text=Salvar</arg>
<tag>PageContent</tag>
<tag>Setter</tag>
<doc>Simulates mouse click on the element found by ``selector``.</doc>
<status status="PASS" starttime="20221121 10:00:53.678" endtime="20221121 10:00:53.857"/>
</kw>
<status status="PASS" starttime="20221121 10:00:53.678" endtime="20221121 10:00:53.857"/>
</kw>
<kw name="Verify Alert" library="alert">
<arg>Conta alterada com sucesso!</arg>
<kw name="Wait For Elements State" library="Browser">
<arg>css=div[role="alert"] &gt;&gt; text=${expected_message}</arg>
<arg>visible</arg>
<arg>5</arg>
<tag>PageContent</tag>
<tag>Wait</tag>
<doc>Waits for the element found by ``selector`` to satisfy state option.</doc>
<msg timestamp="20221121 10:00:53.872" level="INFO">Waited for Element with selector css=div[role="alert"] &gt;&gt; text=Conta alterada com sucesso! at state visible</msg>
<status status="PASS" starttime="20221121 10:00:53.858" endtime="20221121 10:00:53.872"/>
</kw>
<status status="PASS" starttime="20221121 10:00:53.858" endtime="20221121 10:00:53.872"/>
</kw>
<kw name="Close Browser" library="Browser" type="TEARDOWN">
<tag>BrowserControl</tag>
<tag>Setter</tag>
<doc>Closes the current browser.</doc>
<msg timestamp="20221121 10:00:53.969" level="INFO">Closed browser</msg>
<status status="PASS" starttime="20221121 10:00:53.873" endtime="20221121 10:00:53.969"/>
</kw>
<status status="PASS" starttime="20221121 10:00:50.703" endtime="20221121 10:00:53.970"/>
</test>
<test id="s1-t4" name="Deletar Conta" line="31">
<kw name="Do Login" library="base" type="SETUP">
<kw name="Go To Login Page" library="loginPage">
<kw name="New Browser" library="Browser">
<arg>headless=False</arg>
<arg>browser=chromium</arg>
<tag>BrowserControl</tag>
<tag>Setter</tag>
<doc>Create a new playwright Browser with specified options.</doc>
<msg timestamp="20221121 10:00:53.975" level="INFO">{"browser": "chromium", "headless": false, "devtools": false, "handleSIGHUP": true, "handleSIGINT": true, "handleSIGTERM": true, "slowMo": 0.0, "timeout": 30000.0, "deprecated_pos_args": [], "tracesDir": "/Users/jeff/Projetos/Automa\u00e7\u00e3o de teste/Instituto atlantico/Projeto final/The Big Bug Theory/web/logs/browser/traces/1424ab68-0be4-4b68-9d69-6ea489e9c3bd"}</msg>
<msg timestamp="20221121 10:00:54.298" level="INFO">Successfully created browser with options: {"browser":"chromium","headless":false,"devtools":false,"handleSIGHUP":true,"handleSIGINT":true,"handleSIGTERM":true,"slowMo":0,"timeout":30000,"deprecated_pos_args":[],"tracesDir":"/Users/jeff/Projetos/Automação de teste/Instituto atlantico/Projeto final/The Big Bug Theory/web/logs/browser/traces/1424ab68-0be4-4b68-9d69-6ea489e9c3bd"}</msg>
<status status="PASS" starttime="20221121 10:00:53.974" endtime="20221121 10:00:54.298"/>
</kw>
<kw name="New Page" library="Browser">
<arg>https://seubarriga.wcaquino.me</arg>
<tag>BrowserControl</tag>
<tag>Setter</tag>
<doc>Open a new Page.</doc>
<msg timestamp="20221121 10:00:55.423" level="INFO">Successfully initialized new page object and opened url: https://seubarriga.wcaquino.me</msg>
<msg timestamp="20221121 10:00:55.423" level="INFO">No context was open. New context was automatically opened when this page is created.</msg>
<status status="PASS" starttime="20221121 10:00:54.299" endtime="20221121 10:00:55.424"/>
</kw>
<status status="PASS" starttime="20221121 10:00:53.973" endtime="20221121 10:00:55.424"/>
</kw>
<kw name="Fill Credentials" library="loginPage">
<arg>jeffmonteiroo@gmail.com</arg>
<arg>123456</arg>
<kw name="Fill Text" library="Browser">
<arg>input[id="email"]</arg>
<arg>${email}</arg>
<tag>PageContent</tag>
<tag>Setter</tag>
<doc>Clears and fills the given ``txt`` into the text field found by ``selector``.</doc>
<msg timestamp="20221121 10:00:55.425" level="INFO">Fills the text 'jeffmonteiroo@gmail.com' in the given field.</msg>
<status status="PASS" starttime="20221121 10:00:55.425" endtime="20221121 10:00:55.456"/>
</kw>
<kw name="Fill Text" library="Browser">
<arg>input[id="senha"]</arg>
<arg>${pass}</arg>
<tag>PageContent</tag>
<tag>Setter</tag>
<doc>Clears and fills the given ``txt`` into the text field found by ``selector``.</doc>
<msg timestamp="20221121 10:00:55.457" level="INFO">Fills the text '123456' in the given field.</msg>
<status status="PASS" starttime="20221121 10:00:55.456" endtime="20221121 10:00:55.529"/>
</kw>
<status status="PASS" starttime="20221121 10:00:55.424" endtime="20221121 10:00:55.530"/>
</kw>
<kw name="Submit Credentials" library="loginPage">
<kw name="Click" library="Browser">
<arg>css=button &gt;&gt; text=Entrar</arg>
<tag>PageContent</tag>
<tag>Setter</tag>
<doc>Simulates mouse click on the element found by ``selector``.</doc>
<status status="PASS" starttime="20221121 10:00:55.530" endtime="20221121 10:00:56.020"/>
</kw>
<status status="PASS" starttime="20221121 10:00:55.530" endtime="20221121 10:00:56.020"/>
</kw>
<kw name="Verify Alert" library="alert">
<arg>Bem vindo, Jeff!</arg>
<kw name="Wait For Elements State" library="Browser">
<arg>css=div[role="alert"] &gt;&gt; text=${expected_message}</arg>
<arg>visible</arg>
<arg>5</arg>
<tag>PageContent</tag>
<tag>Wait</tag>
<doc>Waits for the element found by ``selector`` to satisfy state option.</doc>
<msg timestamp="20221121 10:00:56.034" level="INFO">Waited for Element with selector css=div[role="alert"] &gt;&gt; text=Bem vindo, Jeff! at state visible</msg>
<status status="PASS" starttime="20221121 10:00:56.021" endtime="20221121 10:00:56.034"/>
</kw>
<status status="PASS" starttime="20221121 10:00:56.020" endtime="20221121 10:00:56.034"/>
</kw>
<status status="PASS" starttime="20221121 10:00:53.972" endtime="20221121 10:00:56.034"/>
</kw>
<kw name="Go To List Account" library="navbar">
<kw name="Click" library="Browser">
<arg>css=li[class="dropdown"] &gt;&gt; text=Conta</arg>
<tag>PageContent</tag>
<tag>Setter</tag>
<doc>Simulates mouse click on the element found by ``selector``.</doc>
<status status="PASS" starttime="20221121 10:00:56.035" endtime="20221121 10:00:56.083"/>
</kw>
<kw name="Click" library="Browser">
<arg>css=a[href="/contas"]</arg>
<tag>PageContent</tag>
<tag>Setter</tag>
<doc>Simulates mouse click on the element found by ``selector``.</doc>
<status status="PASS" starttime="20221121 10:00:56.084" endtime="20221121 10:00:56.253"/>
</kw>
<status status="PASS" starttime="20221121 10:00:56.035" endtime="20221121 10:00:56.253"/>
</kw>
<kw name="Click To Delete The Second Account" library="accountPage">
<kw name="Click" library="Browser">
<arg>xpath=//tbody/tr[2]/td &gt;&gt; .glyphicon-remove-circle</arg>
<tag>PageContent</tag>
<tag>Setter</tag>
<doc>Simulates mouse click on the element found by ``selector``.</doc>
<status status="PASS" starttime="20221121 10:00:56.254" endtime="20221121 10:00:56.448"/>
</kw>
<status status="PASS" starttime="20221121 10:00:56.254" endtime="20221121 10:00:56.448"/>
</kw>
<kw name="Verify Alert" library="alert">
<arg>Conta removida com sucesso!</arg>
<kw name="Wait For Elements State" library="Browser">
<arg>css=div[role="alert"] &gt;&gt; text=${expected_message}</arg>
<arg>visible</arg>
<arg>5</arg>
<tag>PageContent</tag>
<tag>Wait</tag>
<doc>Waits for the element found by ``selector`` to satisfy state option.</doc>
<msg timestamp="20221121 10:00:56.461" level="INFO">Waited for Element with selector css=div[role="alert"] &gt;&gt; text=Conta removida com sucesso! at state visible</msg>
<status status="PASS" starttime="20221121 10:00:56.449" endtime="20221121 10:00:56.461"/>
</kw>
<status status="PASS" starttime="20221121 10:00:56.448" endtime="20221121 10:00:56.461"/>
</kw>
<kw name="Close Browser" library="Browser" type="TEARDOWN">
<tag>BrowserControl</tag>
<tag>Setter</tag>
<doc>Closes the current browser.</doc>
<msg timestamp="20221121 10:00:56.563" level="INFO">Closed browser</msg>
<status status="PASS" starttime="20221121 10:00:56.462" endtime="20221121 10:00:56.563"/>
</kw>
<status status="PASS" starttime="20221121 10:00:53.971" endtime="20221121 10:00:56.563"/>
</test>
<doc>Suite de testes de cadastro de conta
O usuário deve cadastrar, editar e excluir contas no sistema Seu Barriga</doc>
<status status="PASS" starttime="20221121 10:00:39.194" endtime="20221121 10:00:56.565"/>
</suite>
<statistics>
<total>
<stat pass="4" fail="0" skip="0">All Tests</stat>
</total>
<tag>
</tag>
<suite>
<stat pass="4" fail="0" skip="0" id="s1" name="Account">Account</stat>
</suite>
</statistics>
<errors>
</errors>
</robot>
